2023-03-03T16:23:15.561+05:30  INFO 5456 --- [main] com.test.gcp.GcpApplication              : Starting GcpApplication using Java 17.0.6 with PID 5456 (C:\sts-workspace\gcp\target\classes started by avirpal in C:\sts-workspace\gcp)
2023-03-03T16:23:15.564+05:30  INFO 5456 --- [main] com.test.gcp.GcpApplication              : No active profile set, falling back to 1 default profile: "default"
2023-03-03T16:23:16.313+05:30  INFO 5456 --- [main] o.s.b.w.embedded.tomcat.TomcatWebServer  : Tomcat initialized with port(s): 7000 (http)
2023-03-03T16:23:16.330+05:30  INFO 5456 --- [main] o.apache.catalina.core.StandardService   : Starting service [Tomcat]
2023-03-03T16:23:16.330+05:30  INFO 5456 --- [main] o.apache.catalina.core.StandardEngine    : Starting Servlet engine: [Apache Tomcat/10.1.5]
2023-03-03T16:23:16.431+05:30  INFO 5456 --- [main] o.a.c.c.C.[Tomcat].[localhost].[/]       : Initializing Spring embedded WebApplicationContext
2023-03-03T16:23:16.431+05:30  INFO 5456 --- [main] w.s.c.ServletWebServerApplicationContext : Root WebApplicationContext: initialization completed in 821 ms
2023-03-03T16:23:17.112+05:30  INFO 5456 --- [main] o.s.b.w.embedded.tomcat.TomcatWebServer  : Tomcat started on port(s): 7000 (http) with context path ''
2023-03-03T16:23:17.120+05:30  INFO 5456 --- [main] com.test.gcp.GcpApplication              : Started GcpApplication in 1.929 seconds (process running for 2.549)
2023-03-03T16:23:31.809+05:30  INFO 5456 --- [http-nio-7000-exec-1] o.a.c.c.C.[Tomcat].[localhost].[/]       : Initializing Spring DispatcherServlet 'dispatcherServlet'
2023-03-03T16:23:31.813+05:30  INFO 5456 --- [http-nio-7000-exec-1] o.s.web.servlet.DispatcherServlet        : Initializing Servlet 'dispatcherServlet'
2023-03-03T16:23:31.814+05:30  INFO 5456 --- [http-nio-7000-exec-1] o.s.web.servlet.DispatcherServlet        : Completed initialization in 0 ms
2023-03-03T16:23:32.750+05:30  INFO 5456 --- [http-nio-7000-exec-9] o.springdoc.api.AbstractOpenApiResource  : Init duration for springdoc-openapi is: 459 ms
2023-03-03T16:23:42.129+05:30  WARN 5456 --- [http-nio-7000-exec-4] .w.s.m.s.DefaultHandlerExceptionResolver : Resolved [org.springframework.web.bind.MethodArgumentNotValidException: Validation failed for argument [0] in public org.springframework.http.ResponseEntity<com.test.gcp.payload.EmployeeDTO> com.test.gcp.controller.EmployeeController.createEmployee(com.test.gcp.payload.EmployeeDTO): [Field error in object 'employeeDTO' on field 'email': rejected value [string]; codes [Email.employeeDTO.email,Email.email,Email.java.lang.String,Email]; arguments [org.springframework.context.support.DefaultMessageSourceResolvable: codes [employeeDTO.email,email]; arguments []; default message [email],[Ljakarta.validation.constraints.Pattern$Flag;@3f908939,.*]; default message [must be a well-formed email address]] ]
2023-03-03T16:23:57.379+05:30  WARN 5456 --- [http-nio-7000-exec-6] .w.s.m.s.DefaultHandlerExceptionResolver : Resolved [org.springframework.web.bind.MethodArgumentNotValidException: Validation failed for argument [0] in public org.springframework.http.ResponseEntity<com.test.gcp.payload.EmployeeDTO> com.test.gcp.controller.EmployeeController.createEmployee(com.test.gcp.payload.EmployeeDTO): [Field error in object 'employeeDTO' on field 'email': rejected value [string]; codes [Email.employeeDTO.email,Email.email,Email.java.lang.String,Email]; arguments [org.springframework.context.support.DefaultMessageSourceResolvable: codes [employeeDTO.email,email]; arguments []; default message [email],[Ljakarta.validation.constraints.Pattern$Flag;@3f908939,.*]; default message [must be a well-formed email address]] ]
2023-03-03T16:26:01.080+05:30  INFO 5456 --- [RMI TCP Connection(12)-127.0.0.1] inMXBeanRegistrar$SpringApplicationAdmin : Application shutdown requested.
2023-03-03T16:26:01.093+05:30  INFO 5456 --- [RMI TCP Connection(12)-127.0.0.1] o.apache.catalina.core.StandardService   : Stopping service [Tomcat]
2023-03-03T16:26:01.095+05:30  INFO 5456 --- [RMI TCP Connection(12)-127.0.0.1] o.a.c.c.C.[Tomcat].[localhost].[/]       : Destroying Spring FrameworkServlet 'dispatcherServlet'
2023-03-03T16:28:58.784+05:30  INFO 3456 --- [restartedMain] com.test.gcp.GcpApplication              : Starting GcpApplication using Java 17.0.6 with PID 3456 (C:\sts-workspace\gcp\target\classes started by avirpal in C:\sts-workspace\gcp)
2023-03-03T16:28:58.786+05:30  INFO 3456 --- [restartedMain] com.test.gcp.GcpApplication              : No active profile set, falling back to 1 default profile: "default"
2023-03-03T16:28:58.839+05:30  INFO 3456 --- [restartedMain] .e.DevToolsPropertyDefaultsPostProcessor : Devtools property defaults active! Set 'spring.devtools.add-properties' to 'false' to disable
2023-03-03T16:28:58.839+05:30  INFO 3456 --- [restartedMain] .e.DevToolsPropertyDefaultsPostProcessor : For additional web related logging consider setting the 'logging.level.web' property to 'DEBUG'
2023-03-03T16:28:59.760+05:30  INFO 3456 --- [restartedMain] o.s.b.w.embedded.tomcat.TomcatWebServer  : Tomcat initialized with port(s): 7000 (http)
2023-03-03T16:28:59.771+05:30  INFO 3456 --- [restartedMain] o.apache.catalina.core.StandardService   : Starting service [Tomcat]
2023-03-03T16:28:59.772+05:30  INFO 3456 --- [restartedMain] o.apache.catalina.core.StandardEngine    : Starting Servlet engine: [Apache Tomcat/10.1.5]
2023-03-03T16:28:59.841+05:30  INFO 3456 --- [restartedMain] o.a.c.c.C.[Tomcat].[localhost].[/]       : Initializing Spring embedded WebApplicationContext
2023-03-03T16:28:59.842+05:30  INFO 3456 --- [restartedMain] w.s.c.ServletWebServerApplicationContext : Root WebApplicationContext: initialization completed in 1003 ms
2023-03-03T16:29:00.563+05:30  INFO 3456 --- [restartedMain] o.s.b.d.a.OptionalLiveReloadServer       : LiveReload server is running on port 35729
2023-03-03T16:29:00.604+05:30  INFO 3456 --- [restartedMain] o.s.b.w.embedded.tomcat.TomcatWebServer  : Tomcat started on port(s): 7000 (http) with context path ''
2023-03-03T16:29:00.616+05:30  INFO 3456 --- [restartedMain] com.test.gcp.GcpApplication              : Started GcpApplication in 2.209 seconds (process running for 2.905)
2023-03-03T16:29:06.523+05:30  INFO 3456 --- [http-nio-7000-exec-4] o.a.c.c.C.[Tomcat].[localhost].[/]       : Initializing Spring DispatcherServlet 'dispatcherServlet'
2023-03-03T16:29:06.523+05:30  INFO 3456 --- [http-nio-7000-exec-4] o.s.web.servlet.DispatcherServlet        : Initializing Servlet 'dispatcherServlet'
2023-03-03T16:29:06.526+05:30  INFO 3456 --- [http-nio-7000-exec-4] o.s.web.servlet.DispatcherServlet        : Completed initialization in 1 ms
2023-03-03T16:29:07.085+05:30  INFO 3456 --- [http-nio-7000-exec-2] o.springdoc.api.AbstractOpenApiResource  : Init duration for springdoc-openapi is: 223 ms
2023-03-03T16:29:37.196+05:30  INFO 3456 --- [http-nio-7000-exec-5] c.t.g.service.impl.EmployeeServiceImpl   : createEmployee method starts ===>>> EmployeeDTO(employeeId=null, name=Avirup Pal, email=avirup.pal@gmail.com, address=1442 Nayabad.Kolkata-700099)
2023-03-03T16:29:37.196+05:30  INFO 3456 --- [http-nio-7000-exec-5] c.t.g.service.impl.EmployeeServiceImpl   : createEmployee method ends ===>>> EmployeeDTO(employeeId=1, name=Avirup Pal, email=avirup.pal@gmail.com, address=1442 Nayabad.Kolkata-700099)
2023-03-03T16:29:49.106+05:30  INFO 3456 --- [http-nio-7000-exec-6] c.t.g.service.impl.EmployeeServiceImpl   : getEmployees method
2023-03-03T16:30:21.939+05:30  INFO 3456 --- [http-nio-7000-exec-8] c.t.g.service.impl.EmployeeServiceImpl   : createEmployee method starts ===>>> EmployeeDTO(employeeId=null, name=Sumit Mishra, email=sumit.mishra@gmail.com, address=Shyamnagar.Kolkata-700099)
2023-03-03T16:30:21.941+05:30  INFO 3456 --- [http-nio-7000-exec-8] c.t.g.service.impl.EmployeeServiceImpl   : createEmployee method ends ===>>> EmployeeDTO(employeeId=2, name=Sumit Mishra, email=sumit.mishra@gmail.com, address=Shyamnagar.Kolkata-700099)
2023-03-03T16:30:28.007+05:30  INFO 3456 --- [http-nio-7000-exec-9] c.t.g.service.impl.EmployeeServiceImpl   : getEmployees method
2023-03-03T16:30:36.523+05:30  INFO 3456 --- [http-nio-7000-exec-10] c.t.g.service.impl.EmployeeServiceImpl   : getEmployeesById method starts ===>>> 2
2023-03-03T16:30:36.529+05:30  INFO 3456 --- [http-nio-7000-exec-10] c.t.g.service.impl.EmployeeServiceImpl   : getEmployeesById method ends ===>>> EmployeeDTO(employeeId=2, name=Sumit Mishra, email=sumit.mishra@gmail.com, address=Shyamnagar.Kolkata-700099)
2023-03-03T16:31:06.631+05:30  INFO 3456 --- [http-nio-7000-exec-4] c.t.g.service.impl.EmployeeServiceImpl   : updateEmployee method starts ===>>> 2
2023-03-03T16:31:06.633+05:30  INFO 3456 --- [http-nio-7000-exec-4] c.t.g.service.impl.EmployeeServiceImpl   : updateEmployee method ends ===>>> [EmployeeDTO(employeeId=1, name=Avirup Pal, email=avirup.pal@gmail.com, address=1442 Nayabad.Kolkata-700099), EmployeeDTO(employeeId=null, name=Sumit Mishra, email=sumit.mishra@gmail.com, address=Shyamnagar.Kolkata-700200)]
2023-03-03T16:31:18.311+05:30  INFO 3456 --- [http-nio-7000-exec-3] c.t.g.service.impl.EmployeeServiceImpl   : getEmployees method
2023-03-03T16:31:58.311+05:30  INFO 3456 --- [File Watcher] rtingClassPathChangeChangedEventListener : Restarting due to 1 class path change (0 additions, 0 deletions, 1 modification)
2023-03-03T16:31:58.331+05:30  INFO 3456 --- [Thread-5] o.apache.catalina.core.StandardService   : Stopping service [Tomcat]
2023-03-03T16:31:58.333+05:30  INFO 3456 --- [Thread-5] o.a.c.c.C.[Tomcat].[localhost].[/]       : Destroying Spring FrameworkServlet 'dispatcherServlet'
2023-03-03T16:31:58.425+05:30  INFO 3456 --- [restartedMain] com.test.gcp.GcpApplication              : Starting GcpApplication using Java 17.0.6 with PID 3456 (C:\sts-workspace\gcp\target\classes started by avirpal in C:\sts-workspace\gcp)
2023-03-03T16:31:58.425+05:30  INFO 3456 --- [restartedMain] com.test.gcp.GcpApplication              : No active profile set, falling back to 1 default profile: "default"
2023-03-03T16:31:58.641+05:30  INFO 3456 --- [restartedMain] o.s.b.w.embedded.tomcat.TomcatWebServer  : Tomcat initialized with port(s): 7000 (http)
2023-03-03T16:31:58.642+05:30  INFO 3456 --- [restartedMain] o.apache.catalina.core.StandardService   : Starting service [Tomcat]
2023-03-03T16:31:58.643+05:30  INFO 3456 --- [restartedMain] o.apache.catalina.core.StandardEngine    : Starting Servlet engine: [Apache Tomcat/10.1.5]
2023-03-03T16:31:58.659+05:30  INFO 3456 --- [restartedMain] o.a.c.c.C.[Tomcat].[localhost].[/]       : Initializing Spring embedded WebApplicationContext
2023-03-03T16:31:58.659+05:30  INFO 3456 --- [restartedMain] w.s.c.ServletWebServerApplicationContext : Root WebApplicationContext: initialization completed in 231 ms
2023-03-03T16:31:58.993+05:30  INFO 3456 --- [restartedMain] o.s.b.d.a.OptionalLiveReloadServer       : LiveReload server is running on port 35729
2023-03-03T16:31:59.009+05:30  INFO 3456 --- [restartedMain] o.s.b.w.embedded.tomcat.TomcatWebServer  : Tomcat started on port(s): 7000 (http) with context path ''
2023-03-03T16:31:59.016+05:30  INFO 3456 --- [restartedMain] com.test.gcp.GcpApplication              : Started GcpApplication in 0.633 seconds (process running for 181.304)
2023-03-03T16:31:59.022+05:30  INFO 3456 --- [restartedMain] .ConditionEvaluationDeltaLoggingListener : Condition evaluation unchanged
2023-03-03T16:34:08.366+05:30  INFO 3456 --- [File Watcher] rtingClassPathChangeChangedEventListener : Restarting due to 12 class path changes (0 additions, 0 deletions, 12 modifications)
2023-03-03T16:34:08.381+05:30  INFO 3456 --- [Thread-7] o.apache.catalina.core.StandardService   : Stopping service [Tomcat]
2023-03-03T16:34:08.462+05:30  INFO 3456 --- [restartedMain] com.test.gcp.GcpApplication              : Starting GcpApplication using Java 17.0.6 with PID 3456 (C:\sts-workspace\gcp\target\classes started by avirpal in C:\sts-workspace\gcp)
2023-03-03T16:34:08.463+05:30  INFO 3456 --- [restartedMain] com.test.gcp.GcpApplication              : No active profile set, falling back to 1 default profile: "default"
2023-03-03T16:34:08.635+05:30  INFO 3456 --- [restartedMain] o.s.b.w.embedded.tomcat.TomcatWebServer  : Tomcat initialized with port(s): 7000 (http)
2023-03-03T16:34:08.637+05:30  INFO 3456 --- [restartedMain] o.apache.catalina.core.StandardService   : Starting service [Tomcat]
2023-03-03T16:34:08.637+05:30  INFO 3456 --- [restartedMain] o.apache.catalina.core.StandardEngine    : Starting Servlet engine: [Apache Tomcat/10.1.5]
2023-03-03T16:34:08.660+05:30  INFO 3456 --- [restartedMain] o.a.c.c.C.[Tomcat].[localhost].[/]       : Initializing Spring embedded WebApplicationContext
2023-03-03T16:34:08.660+05:30  INFO 3456 --- [restartedMain] w.s.c.ServletWebServerApplicationContext : Root WebApplicationContext: initialization completed in 196 ms
2023-03-03T16:34:08.906+05:30  INFO 3456 --- [restartedMain] o.s.b.d.a.OptionalLiveReloadServer       : LiveReload server is running on port 35729
2023-03-03T16:34:08.915+05:30  INFO 3456 --- [restartedMain] o.s.b.w.embedded.tomcat.TomcatWebServer  : Tomcat started on port(s): 7000 (http) with context path ''
2023-03-03T16:34:08.919+05:30  INFO 3456 --- [restartedMain] com.test.gcp.GcpApplication              : Started GcpApplication in 0.475 seconds (process running for 311.206)
2023-03-03T16:34:08.921+05:30  INFO 3456 --- [restartedMain] .ConditionEvaluationDeltaLoggingListener : Condition evaluation unchanged
2023-03-03T16:35:58.757+05:30  INFO 3456 --- [File Watcher] rtingClassPathChangeChangedEventListener : Restarting due to 12 class path changes (0 additions, 0 deletions, 12 modifications)
2023-03-03T16:35:58.770+05:30  INFO 3456 --- [Thread-11] o.apache.catalina.core.StandardService   : Stopping service [Tomcat]
2023-03-03T16:36:45.257+05:30  INFO 3456 --- [restartedMain] com.test.gcp.GcpApplication              : Starting GcpApplication using Java 17.0.6 with PID 3456 (C:\sts-workspace\gcp\target\classes started by avirpal in C:\sts-workspace\gcp)
2023-03-03T16:36:45.257+05:30  INFO 3456 --- [restartedMain] com.test.gcp.GcpApplication              : No active profile set, falling back to 1 default profile: "default"
2023-03-03T16:36:45.411+05:30  INFO 3456 --- [restartedMain] o.s.b.w.embedded.tomcat.TomcatWebServer  : Tomcat initialized with port(s): 7000 (http)
2023-03-03T16:36:45.412+05:30  INFO 3456 --- [restartedMain] o.apache.catalina.core.StandardService   : Starting service [Tomcat]
2023-03-03T16:36:45.412+05:30  INFO 3456 --- [restartedMain] o.apache.catalina.core.StandardEngine    : Starting Servlet engine: [Apache Tomcat/10.1.5]
2023-03-03T16:36:45.430+05:30  INFO 3456 --- [restartedMain] o.a.c.c.C.[Tomcat].[localhost].[/]       : Initializing Spring embedded WebApplicationContext
2023-03-03T16:36:45.430+05:30  INFO 3456 --- [restartedMain] w.s.c.ServletWebServerApplicationContext : Root WebApplicationContext: initialization completed in 171 ms
2023-03-03T16:36:45.685+05:30  INFO 3456 --- [restartedMain] o.s.b.d.a.OptionalLiveReloadServer       : LiveReload server is running on port 35729
2023-03-03T16:36:45.694+05:30  INFO 3456 --- [restartedMain] o.s.b.w.embedded.tomcat.TomcatWebServer  : Tomcat started on port(s): 7000 (http) with context path ''
2023-03-03T16:36:45.699+05:30  INFO 3456 --- [restartedMain] com.test.gcp.GcpApplication              : Started GcpApplication in 0.467 seconds (process running for 467.985)
2023-03-03T16:36:45.699+05:30  INFO 3456 --- [restartedMain] .ConditionEvaluationDeltaLoggingListener : Condition evaluation unchanged
2023-03-03T16:37:50.414+05:30  INFO 3456 --- [File Watcher] rtingClassPathChangeChangedEventListener : Restarting due to 1 class path change (1 addition, 0 deletions, 0 modifications)
2023-03-03T16:37:50.426+05:30  INFO 3456 --- [Thread-15] o.apache.catalina.core.StandardService   : Stopping service [Tomcat]
2023-03-03T16:37:50.499+05:30  INFO 3456 --- [restartedMain] com.test.gcp.GcpApplication              : Starting GcpApplication using Java 17.0.6 with PID 3456 (C:\sts-workspace\gcp\target\classes started by avirpal in C:\sts-workspace\gcp)
2023-03-03T16:37:50.500+05:30  INFO 3456 --- [restartedMain] com.test.gcp.GcpApplication              : No active profile set, falling back to 1 default profile: "default"
2023-03-03T16:37:50.665+05:30  INFO 3456 --- [restartedMain] o.s.b.w.embedded.tomcat.TomcatWebServer  : Tomcat initialized with port(s): 7000 (http)
2023-03-03T16:37:50.666+05:30  INFO 3456 --- [restartedMain] o.apache.catalina.core.StandardService   : Starting service [Tomcat]
2023-03-03T16:37:50.666+05:30  INFO 3456 --- [restartedMain] o.apache.catalina.core.StandardEngine    : Starting Servlet engine: [Apache Tomcat/10.1.5]
2023-03-03T16:37:50.682+05:30  INFO 3456 --- [restartedMain] o.a.c.c.C.[Tomcat].[localhost].[/]       : Initializing Spring embedded WebApplicationContext
2023-03-03T16:37:50.682+05:30  INFO 3456 --- [restartedMain] w.s.c.ServletWebServerApplicationContext : Root WebApplicationContext: initialization completed in 180 ms
2023-03-03T16:37:50.926+05:30  INFO 3456 --- [restartedMain] o.s.b.d.a.OptionalLiveReloadServer       : LiveReload server is running on port 35729
2023-03-03T16:37:50.936+05:30  INFO 3456 --- [restartedMain] o.s.b.w.embedded.tomcat.TomcatWebServer  : Tomcat started on port(s): 7000 (http) with context path ''
2023-03-03T16:37:50.941+05:30  INFO 3456 --- [restartedMain] com.test.gcp.GcpApplication              : Started GcpApplication in 0.465 seconds (process running for 533.228)
2023-03-03T16:37:50.943+05:30  INFO 3456 --- [restartedMain] .ConditionEvaluationDeltaLoggingListener : Condition evaluation unchanged
2023-03-03T16:38:01.511+05:30  INFO 3456 --- [File Watcher] rtingClassPathChangeChangedEventListener : Restarting due to 1 class path change (1 addition, 0 deletions, 0 modifications)
2023-03-03T16:38:01.522+05:30  INFO 3456 --- [Thread-21] o.apache.catalina.core.StandardService   : Stopping service [Tomcat]
2023-03-03T16:38:01.592+05:30  INFO 3456 --- [restartedMain] com.test.gcp.GcpApplication              : Starting GcpApplication using Java 17.0.6 with PID 3456 (C:\sts-workspace\gcp\target\classes started by avirpal in C:\sts-workspace\gcp)
2023-03-03T16:38:01.593+05:30  INFO 3456 --- [restartedMain] com.test.gcp.GcpApplication              : No active profile set, falling back to 1 default profile: "default"
2023-03-03T16:38:01.761+05:30  INFO 3456 --- [restartedMain] o.s.b.w.embedded.tomcat.TomcatWebServer  : Tomcat initialized with port(s): 7000 (http)
2023-03-03T16:38:01.762+05:30  INFO 3456 --- [restartedMain] o.apache.catalina.core.StandardService   : Starting service [Tomcat]
2023-03-03T16:38:01.762+05:30  INFO 3456 --- [restartedMain] o.apache.catalina.core.StandardEngine    : Starting Servlet engine: [Apache Tomcat/10.1.5]
2023-03-03T16:38:01.780+05:30  INFO 3456 --- [restartedMain] o.a.c.c.C.[Tomcat].[localhost].[/]       : Initializing Spring embedded WebApplicationContext
2023-03-03T16:38:01.780+05:30  INFO 3456 --- [restartedMain] w.s.c.ServletWebServerApplicationContext : Root WebApplicationContext: initialization completed in 185 ms
2023-03-03T16:38:02.014+05:30  INFO 3456 --- [restartedMain] o.s.b.d.a.OptionalLiveReloadServer       : LiveReload server is running on port 35729
2023-03-03T16:38:02.023+05:30  INFO 3456 --- [restartedMain] o.s.b.w.embedded.tomcat.TomcatWebServer  : Tomcat started on port(s): 7000 (http) with context path ''
2023-03-03T16:38:02.026+05:30  INFO 3456 --- [restartedMain] com.test.gcp.GcpApplication              : Started GcpApplication in 0.455 seconds (process running for 544.313)
2023-03-03T16:38:02.028+05:30  INFO 3456 --- [restartedMain] .ConditionEvaluationDeltaLoggingListener : Condition evaluation unchanged
2023-03-03T16:38:07.536+05:30  INFO 3456 --- [File Watcher] rtingClassPathChangeChangedEventListener : Restarting due to 1 class path change (0 additions, 0 deletions, 1 modification)
2023-03-03T16:38:07.546+05:30  INFO 3456 --- [Thread-25] o.apache.catalina.core.StandardService   : Stopping service [Tomcat]
2023-03-03T16:38:07.623+05:30  INFO 3456 --- [restartedMain] com.test.gcp.GcpApplication              : Starting GcpApplication using Java 17.0.6 with PID 3456 (C:\sts-workspace\gcp\target\classes started by avirpal in C:\sts-workspace\gcp)
2023-03-03T16:38:07.624+05:30  INFO 3456 --- [restartedMain] com.test.gcp.GcpApplication              : No active profile set, falling back to 1 default profile: "default"
2023-03-03T16:38:07.802+05:30  INFO 3456 --- [restartedMain] o.s.b.w.embedded.tomcat.TomcatWebServer  : Tomcat initialized with port(s): 7000 (http)
2023-03-03T16:38:07.803+05:30  INFO 3456 --- [restartedMain] o.apache.catalina.core.StandardService   : Starting service [Tomcat]
2023-03-03T16:38:07.803+05:30  INFO 3456 --- [restartedMain] o.apache.catalina.core.StandardEngine    : Starting Servlet engine: [Apache Tomcat/10.1.5]
2023-03-03T16:38:07.820+05:30  INFO 3456 --- [restartedMain] o.a.c.c.C.[Tomcat].[localhost].[/]       : Initializing Spring embedded WebApplicationContext
2023-03-03T16:38:07.820+05:30  INFO 3456 --- [restartedMain] w.s.c.ServletWebServerApplicationContext : Root WebApplicationContext: initialization completed in 194 ms
2023-03-03T16:38:08.061+05:30  INFO 3456 --- [restartedMain] o.s.b.d.a.OptionalLiveReloadServer       : LiveReload server is running on port 35729
2023-03-03T16:38:08.072+05:30  INFO 3456 --- [restartedMain] o.s.b.w.embedded.tomcat.TomcatWebServer  : Tomcat started on port(s): 7000 (http) with context path ''
2023-03-03T16:38:08.077+05:30  INFO 3456 --- [restartedMain] com.test.gcp.GcpApplication              : Started GcpApplication in 0.487 seconds (process running for 550.364)
2023-03-03T16:38:08.079+05:30  INFO 3456 --- [restartedMain] .ConditionEvaluationDeltaLoggingListener : Condition evaluation unchanged
2023-03-03T16:38:13.554+05:30  INFO 3456 --- [File Watcher] rtingClassPathChangeChangedEventListener : Restarting due to 1 class path change (0 additions, 0 deletions, 1 modification)
2023-03-03T16:38:13.584+05:30  INFO 3456 --- [Thread-29] o.apache.catalina.core.StandardService   : Stopping service [Tomcat]
2023-03-03T16:38:13.653+05:30  INFO 3456 --- [restartedMain] com.test.gcp.GcpApplication              : Starting GcpApplication using Java 17.0.6 with PID 3456 (C:\sts-workspace\gcp\target\classes started by avirpal in C:\sts-workspace\gcp)
2023-03-03T16:38:13.653+05:30  INFO 3456 --- [restartedMain] com.test.gcp.GcpApplication              : No active profile set, falling back to 1 default profile: "default"
2023-03-03T16:38:13.814+05:30  INFO 3456 --- [restartedMain] o.s.b.w.embedded.tomcat.TomcatWebServer  : Tomcat initialized with port(s): 7000 (http)
2023-03-03T16:38:13.815+05:30  INFO 3456 --- [restartedMain] o.apache.catalina.core.StandardService   : Starting service [Tomcat]
2023-03-03T16:38:13.815+05:30  INFO 3456 --- [restartedMain] o.apache.catalina.core.StandardEngine    : Starting Servlet engine: [Apache Tomcat/10.1.5]
2023-03-03T16:38:13.828+05:30  INFO 3456 --- [restartedMain] o.a.c.c.C.[Tomcat].[localhost].[/]       : Initializing Spring embedded WebApplicationContext
2023-03-03T16:38:13.828+05:30  INFO 3456 --- [restartedMain] w.s.c.ServletWebServerApplicationContext : Root WebApplicationContext: initialization completed in 172 ms
2023-03-03T16:38:14.085+05:30  INFO 3456 --- [restartedMain] o.s.b.d.a.OptionalLiveReloadServer       : LiveReload server is running on port 35729
2023-03-03T16:38:14.095+05:30  INFO 3456 --- [restartedMain] o.s.b.w.embedded.tomcat.TomcatWebServer  : Tomcat started on port(s): 7000 (http) with context path ''
2023-03-03T16:38:14.099+05:30  INFO 3456 --- [restartedMain] com.test.gcp.GcpApplication              : Started GcpApplication in 0.468 seconds (process running for 556.386)
2023-03-03T16:38:14.101+05:30  INFO 3456 --- [restartedMain] .ConditionEvaluationDeltaLoggingListener : Condition evaluation unchanged
2023-03-03T16:46:45.730+05:30  INFO 3456 --- [File Watcher] rtingClassPathChangeChangedEventListener : Restarting due to 13 class path changes (0 additions, 11 deletions, 2 modifications)
2023-03-03T16:46:45.747+05:30  INFO 3456 --- [Thread-33] o.apache.catalina.core.StandardService   : Stopping service [Tomcat]
2023-03-03T16:46:45.841+05:30  INFO 3456 --- [restartedMain] com.test.gcp.GcpApplication              : Starting GcpApplication using Java 17.0.6 with PID 3456 (C:\sts-workspace\gcp\target\classes started by avirpal in C:\sts-workspace\gcp)
2023-03-03T16:46:45.842+05:30  INFO 3456 --- [restartedMain] com.test.gcp.GcpApplication              : No active profile set, falling back to 1 default profile: "default"
2023-03-03T16:46:46.109+05:30  INFO 3456 --- [restartedMain] o.s.b.w.embedded.tomcat.TomcatWebServer  : Tomcat initialized with port(s): 7000 (http)
2023-03-03T16:46:46.110+05:30  INFO 3456 --- [restartedMain] o.apache.catalina.core.StandardService   : Starting service [Tomcat]
2023-03-03T16:46:46.110+05:30  INFO 3456 --- [restartedMain] o.apache.catalina.core.StandardEngine    : Starting Servlet engine: [Apache Tomcat/10.1.5]
2023-03-03T16:46:46.136+05:30  INFO 3456 --- [restartedMain] o.a.c.c.C.[Tomcat].[localhost].[/]       : Initializing Spring embedded WebApplicationContext
2023-03-03T16:46:46.137+05:30  INFO 3456 --- [restartedMain] w.s.c.ServletWebServerApplicationContext : Root WebApplicationContext: initialization completed in 292 ms
2023-03-03T16:46:46.747+05:30  INFO 3456 --- [restartedMain] o.s.b.d.a.OptionalLiveReloadServer       : LiveReload server is running on port 35729
2023-03-03T16:46:46.764+05:30  INFO 3456 --- [restartedMain] o.s.b.w.embedded.tomcat.TomcatWebServer  : Tomcat started on port(s): 7000 (http) with context path ''
2023-03-03T16:46:46.774+05:30  INFO 3456 --- [restartedMain] com.test.gcp.GcpApplication              : Started GcpApplication in 0.974 seconds (process running for 1069.058)
2023-03-03T16:46:46.776+05:30  INFO 3456 --- [restartedMain] .ConditionEvaluationDeltaLoggingListener : Condition evaluation unchanged
2023-03-03T16:46:48.193+05:30  INFO 3456 --- [File Watcher] rtingClassPathChangeChangedEventListener : Restarting due to 11 class path changes (11 additions, 0 deletions, 0 modifications)
2023-03-03T16:46:48.210+05:30  INFO 3456 --- [Thread-37] o.apache.catalina.core.StandardService   : Stopping service [Tomcat]
2023-03-03T16:46:48.315+05:30  INFO 3456 --- [restartedMain] com.test.gcp.GcpApplication              : Starting GcpApplication using Java 17.0.6 with PID 3456 (C:\sts-workspace\gcp\target\classes started by avirpal in C:\sts-workspace\gcp)
2023-03-03T16:46:48.316+05:30  INFO 3456 --- [restartedMain] com.test.gcp.GcpApplication              : No active profile set, falling back to 1 default profile: "default"
2023-03-03T16:46:48.583+05:30  INFO 3456 --- [restartedMain] o.s.b.w.embedded.tomcat.TomcatWebServer  : Tomcat initialized with port(s): 7000 (http)
2023-03-03T16:46:48.584+05:30  INFO 3456 --- [restartedMain] o.apache.catalina.core.StandardService   : Starting service [Tomcat]
2023-03-03T16:46:48.584+05:30  INFO 3456 --- [restartedMain] o.apache.catalina.core.StandardEngine    : Starting Servlet engine: [Apache Tomcat/10.1.5]
2023-03-03T16:46:48.608+05:30  INFO 3456 --- [restartedMain] o.a.c.c.C.[Tomcat].[localhost].[/]       : Initializing Spring embedded WebApplicationContext
2023-03-03T16:46:48.608+05:30  INFO 3456 --- [restartedMain] w.s.c.ServletWebServerApplicationContext : Root WebApplicationContext: initialization completed in 289 ms
2023-03-03T16:46:49.011+05:30  INFO 3456 --- [restartedMain] o.s.b.d.a.OptionalLiveReloadServer       : LiveReload server is running on port 35729
2023-03-03T16:46:49.029+05:30  INFO 3456 --- [restartedMain] o.s.b.w.embedded.tomcat.TomcatWebServer  : Tomcat started on port(s): 7000 (http) with context path ''
2023-03-03T16:46:49.034+05:30  INFO 3456 --- [restartedMain] com.test.gcp.GcpApplication              : Started GcpApplication in 0.755 seconds (process running for 1071.318)
2023-03-03T16:46:49.037+05:30  INFO 3456 --- [restartedMain] .ConditionEvaluationDeltaLoggingListener : Condition evaluation unchanged
2023-03-03T16:46:49.960+05:30  INFO 11492 --- [main] com.test.gcp.GcpApplicationTests         : Starting GcpApplicationTests using Java 17.0.6 with PID 11492 (started by avirpal in C:\sts-workspace\gcp)
2023-03-03T16:46:49.962+05:30  INFO 11492 --- [main] com.test.gcp.GcpApplicationTests         : No active profile set, falling back to 1 default profile: "default"
2023-03-03T16:46:52.311+05:30  INFO 11492 --- [main] com.test.gcp.GcpApplicationTests         : Started GcpApplicationTests in 2.62 seconds (process running for 3.711)
